<?xml version="1.0" encoding="UTF-8"?>
<testsuite name="ProcessInputTest" tests="2" skipped="0" failures="0" errors="0" timestamp="2023-05-13T02:08:12" hostname="LAPTOP-ST1H9LL3" time="0.017">
  <properties/>
  <testcase name="BreaksDown()" classname="ProcessInputTest" time="0.016"/>
  <testcase name="commandBreaksDown()" classname="ProcessInputTest" time="0.001"/>
  <system-out><![CDATA[]]></system-out>
  <system-err><![CDATA[]]></system-err>
</testsuite>
